0 silly argv {
0 silly argv   _: [ 'version' ],
0 silly argv   lernaVersion: '3.22.1',
0 silly argv   '$0': 'node_modules\\lerna\\cli.js'
0 silly argv }
1 notice cli v3.22.1
2 verbose rootPath C:\Users\POLARIS\Desktop\Workspace\Personal\libraries\faumally
3 info current version 0.0.0
4 silly isAnythingCommitted
5 verbose isAnythingCommitted 1
6 silly currentBranch
7 verbose currentBranch core
8 silly remoteBranchExists
9 silly isBehindUpstream
10 error Error: Command failed: git remote update
10 error fatal: unable to access 'https://github.com/JoshuaAmaju/faumally.git/': Could not resolve host: github.com
10 error error: Could not fetch origin
10 error
10 error Fetching origin
10 error
10 error     at makeError (C:\Users\POLARIS\Desktop\Workspace\Personal\libraries\faumally\node_modules\execa\index.js:174:9)
10 error     at Function.module.exports.sync (C:\Users\POLARIS\Desktop\Workspace\Personal\libraries\faumally\node_modules\execa\index.js:338:15)
10 error     at Object.execSync (C:\Users\POLARIS\Desktop\Workspace\Personal\libraries\faumally\node_modules\@lerna\child-process\index.js:26:16)
10 error     at updateRemote (C:\Users\POLARIS\Desktop\Workspace\Personal\libraries\faumally\node_modules\@lerna\version\lib\is-behind-upstream.js:26:16)
10 error     at isBehindUpstream (C:\Users\POLARIS\Desktop\Workspace\Personal\libraries\faumally\node_modules\@lerna\version\lib\is-behind-upstream.js:11:3)
10 error     at VersionCommand.initialize (C:\Users\POLARIS\Desktop\Workspace\Personal\libraries\faumally\node_modules\@lerna\version\index.js:154:9)
